<?xml version="1.0" encoding="UTF-8"?>
<testsuite xmlns:xsi="http://www.w3.org/2001/XMLSchema-instance" xsi:noNamespaceSchemaLocation="https://maven.apache.org/surefire/maven-surefire-plugin/xsd/surefire-test-report-3.0.xsd" version="3.0" name="com.mycompany.demabitespersistencia.ClienteDAOTest" time="0.108" tests="3" errors="0" skipped="0" failures="3">
  <properties>
[...]
</properties>
  <testcase name="testGenerarClienteFrecuenteFuncionaOk" classname="com.mycompany.demabitespersistencia.ClienteDAOTest" time="0.081">
    <failure message="Unexpected exception thrown: org.eclipse.persistence.exceptions.PersistenceUnitLoadingException: &#10;Exception Description: An exception was thrown while trying to load persistence unit at url: file:/C:/Users/elgps/Documents/NetBeansProjects/DemaBites/DemaBitesDominio/target/DemaBitesDominio-1.0-SNAPSHOT.jar&#10;Internal Exception: Exception [EclipseLink-30004] (Eclipse Persistence Services - 2.7.12.v20230209-e5c4074ef3): org.eclipse.persistence.exceptions.PersistenceUnitLoadingException&#10;Exception Description: An exception was thrown while processing persistence.xml from URL: file:/C:/Users/elgps/Documents/NetBeansProjects/DemaBites/DemaBitesDominio/target/DemaBitesDominio-1.0-SNAPSHOT.jar&#10;Internal Exception: &#10;(1. The content of elements must consist of well-formed character data or markup.)" type="org.opentest4j.AssertionFailedError"><![CDATA[org.opentest4j.AssertionFailedError: 
Unexpected exception thrown: org.eclipse.persistence.exceptions.PersistenceUnitLoadingException: 
Exception Description: An exception was thrown while trying to load persistence unit at url: file:/C:/Users/elgps/Documents/NetBeansProjects/DemaBites/DemaBitesDominio/target/DemaBitesDominio-1.0-SNAPSHOT.jar
Internal Exception: Exception [EclipseLink-30004] (Eclipse Persistence Services - 2.7.12.v20230209-e5c4074ef3): org.eclipse.persistence.exceptions.PersistenceUnitLoadingException
Exception Description: An exception was thrown while processing persistence.xml from URL: file:/C:/Users/elgps/Documents/NetBeansProjects/DemaBites/DemaBitesDominio/target/DemaBitesDominio-1.0-SNAPSHOT.jar
Internal Exception: 
(1. The content of elements must consist of well-formed character data or markup.)
	at org.junit.jupiter.api.AssertionFailureBuilder.build(AssertionFailureBuilder.java:152)
	at org.junit.jupiter.api.AssertDoesNotThrow.createAssertionFailedError(AssertDoesNotThrow.java:84)
	at org.junit.jupiter.api.AssertDoesNotThrow.assertDoesNotThrow(AssertDoesNotThrow.java:53)
	at org.junit.jupiter.api.AssertDoesNotThrow.assertDoesNotThrow(AssertDoesNotThrow.java:36)
	at org.junit.jupiter.api.Assertions.assertDoesNotThrow(Assertions.java:3168)
	at com.mycompany.demabitespersistencia.ClienteDAOTest.testGenerarClienteFrecuenteFuncionaOk(ClienteDAOTest.java:37)
	at java.base/java.lang.reflect.Method.invoke(Method.java:580)
	at java.base/java.util.ArrayList.forEach(ArrayList.java:1597)
	at java.base/java.util.ArrayList.forEach(ArrayList.java:1597)
Caused by: Exception [EclipseLink-30009] (Eclipse Persistence Services - 2.7.12.v20230209-e5c4074ef3): org.eclipse.persistence.exceptions.PersistenceUnitLoadingException
Exception Description: An exception was thrown while trying to load persistence unit at url: file:/C:/Users/elgps/Documents/NetBeansProjects/DemaBites/DemaBitesDominio/target/DemaBitesDominio-1.0-SNAPSHOT.jar
Internal Exception: Exception [EclipseLink-30004] (Eclipse Persistence Services - 2.7.12.v20230209-e5c4074ef3): org.eclipse.persistence.exceptions.PersistenceUnitLoadingException
Exception Description: An exception was thrown while processing persistence.xml from URL: file:/C:/Users/elgps/Documents/NetBeansProjects/DemaBites/DemaBitesDominio/target/DemaBitesDominio-1.0-SNAPSHOT.jar
Internal Exception: 
(1. The content of elements must consist of well-formed character data or markup.)
	at org.eclipse.persistence.exceptions.PersistenceUnitLoadingException.exceptionLoadingFromUrl(PersistenceUnitLoadingException.java:102)
	at org.eclipse.persistence.internal.jpa.deployment.PersistenceUnitProcessor.processPersistenceArchive(PersistenceUnitProcessor.java:641)
	at org.eclipse.persistence.internal.jpa.deployment.PersistenceUnitProcessor.getPersistenceUnits(PersistenceUnitProcessor.java:525)
	at org.eclipse.persistence.internal.jpa.deployment.JPAInitializer.findPersistenceUnitInfoInArchive(JPAInitializer.java:182)
	at org.eclipse.persistence.internal.jpa.deployment.JPAInitializer.findPersistenceUnitInfoInArchives(JPAInitializer.java:164)
	at org.eclipse.persistence.internal.jpa.deployment.JPAInitializer.findPersistenceUnitInfo(JPAInitializer.java:145)
	at org.eclipse.persistence.jpa.PersistenceProvider.createEntityManagerFactory(PersistenceProvider.java:191)
	at javax.persistence.Persistence.createEntityManagerFactory(Persistence.java:80)
	at javax.persistence.Persistence.createEntityManagerFactory(Persistence.java:55)
	at com.mycompany.demabitespersistencia.ManejadorConexiones.crearEntityManager(ManejadorConexiones.java:18)
	at com.mycompany.demabitespersistencia.ClienteDAO.generarClienteFrecuente(ClienteDAO.java:37)
	at com.mycompany.demabitespersistencia.ClienteDAOTest.lambda$testGenerarClienteFrecuenteFuncionaOk$0(ClienteDAOTest.java:38)
	at org.junit.jupiter.api.AssertDoesNotThrow.assertDoesNotThrow(AssertDoesNotThrow.java:49)
	... 6 more
Caused by: Exception [EclipseLink-30004] (Eclipse Persistence Services - 2.7.12.v20230209-e5c4074ef3): org.eclipse.persistence.exceptions.PersistenceUnitLoadingException
Exception Description: An exception was thrown while processing persistence.xml from URL: file:/C:/Users/elgps/Documents/NetBeansProjects/DemaBites/DemaBitesDominio/target/DemaBitesDominio-1.0-SNAPSHOT.jar
Internal Exception: 
(1. The content of elements must consist of well-formed character data or markup.)
	at org.eclipse.persistence.exceptions.PersistenceUnitLoadingException.exceptionProcessingPersistenceXML(PersistenceUnitLoadingException.java:120)
	at org.eclipse.persistence.internal.jpa.deployment.PersistenceUnitProcessor.processPersistenceXML(PersistenceUnitProcessor.java:687)
	at org.eclipse.persistence.internal.jpa.deployment.PersistenceUnitProcessor.processPersistenceArchive(PersistenceUnitProcessor.java:639)
	... 17 more
Caused by: 
(1. The content of elements must consist of well-formed character data or markup.)
	at org.eclipse.persistence.internal.jpa.deployment.xml.parser.XMLExceptionHandler.error(XMLExceptionHandler.java:30)
	at org.eclipse.persistence.internal.jpa.deployment.xml.parser.XMLExceptionHandler.fatalError(XMLExceptionHandler.java:36)
	at java.xml/com.sun.org.apache.xerces.internal.util.ErrorHandlerWrapper.fatalError(ErrorHandlerWrapper.java:181)
	at java.xml/com.sun.org.apache.xerces.internal.impl.XMLErrorReporter.reportError(XMLErrorReporter.java:400)
	at java.xml/com.sun.org.apache.xerces.internal.impl.XMLErrorReporter.reportError(XMLErrorReporter.java:327)
	at java.xml/com.sun.org.apache.xerces.internal.impl.XMLScanner.reportFatalError(XMLScanner.java:1465)
	at java.xml/com.sun.org.apache.xerces.internal.impl.XMLDocumentFragmentScannerImpl$FragmentContentDriver.startOfMarkup(XMLDocumentFragmentScannerImpl.java:2598)
	at java.xml/com.sun.org.apache.xerces.internal.impl.XMLDocumentFragmentScannerImpl$FragmentContentDriver.next(XMLDocumentFragmentScannerImpl.java:2688)
	at java.xml/com.sun.org.apache.xerces.internal.impl.XMLDocumentScannerImpl.next(XMLDocumentScannerImpl.java:635)
	at java.xml/com.sun.org.apache.xerces.internal.impl.XMLNSDocumentScannerImpl.next(XMLNSDocumentScannerImpl.java:113)
	at java.xml/com.sun.org.apache.xerces.internal.impl.XMLDocumentFragmentScannerImpl.scanDocument(XMLDocumentFragmentScannerImpl.java:551)
	at java.xml/com.sun.org.apache.xerces.internal.parsers.XML11Configuration.parse(XML11Configuration.java:890)
	at java.xml/com.sun.org.apache.xerces.internal.parsers.XML11Configuration.parse(XML11Configuration.java:826)
	at java.xml/com.sun.org.apache.xerces.internal.parsers.XMLParser.parse(XMLParser.java:134)
	at java.xml/com.sun.org.apache.xerces.internal.parsers.AbstractSAXParser.parse(AbstractSAXParser.java:1225)
	at java.xml/com.sun.org.apache.xerces.internal.jaxp.SAXParserImpl$JAXPSAXParser.parse(SAXParserImpl.java:643)
	at org.eclipse.persistence.internal.jpa.deployment.PersistenceUnitProcessor.processPersistenceXML(PersistenceUnitProcessor.java:677)
	... 18 more
]]></failure>
  </testcase>
  <testcase name="testConsultarTodosEncuentraOk" classname="com.mycompany.demabitespersistencia.ClienteDAOTest" time="0.005">
    <failure message="Unexpected exception thrown: org.eclipse.persistence.exceptions.PersistenceUnitLoadingException: &#10;Exception Description: An exception was thrown while trying to load persistence unit at url: file:/C:/Users/elgps/Documents/NetBeansProjects/DemaBites/DemaBitesDominio/target/DemaBitesDominio-1.0-SNAPSHOT.jar&#10;Internal Exception: Exception [EclipseLink-30004] (Eclipse Persistence Services - 2.7.12.v20230209-e5c4074ef3): org.eclipse.persistence.exceptions.PersistenceUnitLoadingException&#10;Exception Description: An exception was thrown while processing persistence.xml from URL: file:/C:/Users/elgps/Documents/NetBeansProjects/DemaBites/DemaBitesDominio/target/DemaBitesDominio-1.0-SNAPSHOT.jar&#10;Internal Exception: &#10;(1. The content of elements must consist of well-formed character data or markup.)" type="org.opentest4j.AssertionFailedError"><![CDATA[org.opentest4j.AssertionFailedError: 
Unexpected exception thrown: org.eclipse.persistence.exceptions.PersistenceUnitLoadingException: 
Exception Description: An exception was thrown while trying to load persistence unit at url: file:/C:/Users/elgps/Documents/NetBeansProjects/DemaBites/DemaBitesDominio/target/DemaBitesDominio-1.0-SNAPSHOT.jar
Internal Exception: Exception [EclipseLink-30004] (Eclipse Persistence Services - 2.7.12.v20230209-e5c4074ef3): org.eclipse.persistence.exceptions.PersistenceUnitLoadingException
Exception Description: An exception was thrown while processing persistence.xml from URL: file:/C:/Users/elgps/Documents/NetBeansProjects/DemaBites/DemaBitesDominio/target/DemaBitesDominio-1.0-SNAPSHOT.jar
Internal Exception: 
(1. The content of elements must consist of well-formed character data or markup.)
	at org.junit.jupiter.api.AssertionFailureBuilder.build(AssertionFailureBuilder.java:152)
	at org.junit.jupiter.api.AssertDoesNotThrow.createAssertionFailedError(AssertDoesNotThrow.java:84)
	at org.junit.jupiter.api.AssertDoesNotThrow.assertDoesNotThrow(AssertDoesNotThrow.java:53)
	at org.junit.jupiter.api.AssertDoesNotThrow.assertDoesNotThrow(AssertDoesNotThrow.java:36)
	at org.junit.jupiter.api.Assertions.assertDoesNotThrow(Assertions.java:3168)
	at com.mycompany.demabitespersistencia.ClienteDAOTest.testConsultarTodosEncuentraOk(ClienteDAOTest.java:60)
	at java.base/java.lang.reflect.Method.invoke(Method.java:580)
	at java.base/java.util.ArrayList.forEach(ArrayList.java:1597)
	at java.base/java.util.ArrayList.forEach(ArrayList.java:1597)
Caused by: Exception [EclipseLink-30009] (Eclipse Persistence Services - 2.7.12.v20230209-e5c4074ef3): org.eclipse.persistence.exceptions.PersistenceUnitLoadingException
Exception Description: An exception was thrown while trying to load persistence unit at url: file:/C:/Users/elgps/Documents/NetBeansProjects/DemaBites/DemaBitesDominio/target/DemaBitesDominio-1.0-SNAPSHOT.jar
Internal Exception: Exception [EclipseLink-30004] (Eclipse Persistence Services - 2.7.12.v20230209-e5c4074ef3): org.eclipse.persistence.exceptions.PersistenceUnitLoadingException
Exception Description: An exception was thrown while processing persistence.xml from URL: file:/C:/Users/elgps/Documents/NetBeansProjects/DemaBites/DemaBitesDominio/target/DemaBitesDominio-1.0-SNAPSHOT.jar
Internal Exception: 
(1. The content of elements must consist of well-formed character data or markup.)
	at org.eclipse.persistence.exceptions.PersistenceUnitLoadingException.exceptionLoadingFromUrl(PersistenceUnitLoadingException.java:102)
	at org.eclipse.persistence.internal.jpa.deployment.PersistenceUnitProcessor.processPersistenceArchive(PersistenceUnitProcessor.java:641)
	at org.eclipse.persistence.internal.jpa.deployment.PersistenceUnitProcessor.getPersistenceUnits(PersistenceUnitProcessor.java:525)
	at org.eclipse.persistence.internal.jpa.deployment.JPAInitializer.findPersistenceUnitInfoInArchive(JPAInitializer.java:182)
	at org.eclipse.persistence.internal.jpa.deployment.JPAInitializer.findPersistenceUnitInfoInArchives(JPAInitializer.java:164)
	at org.eclipse.persistence.internal.jpa.deployment.JPAInitializer.findPersistenceUnitInfo(JPAInitializer.java:145)
	at org.eclipse.persistence.jpa.PersistenceProvider.createEntityManagerFactory(PersistenceProvider.java:191)
	at javax.persistence.Persistence.createEntityManagerFactory(Persistence.java:80)
	at javax.persistence.Persistence.createEntityManagerFactory(Persistence.java:55)
	at com.mycompany.demabitespersistencia.ManejadorConexiones.crearEntityManager(ManejadorConexiones.java:18)
	at com.mycompany.demabitespersistencia.ClienteDAO.consultarTodos(ClienteDAO.java:51)
	at com.mycompany.demabitespersistencia.ClienteDAOTest.lambda$testConsultarTodosEncuentraOk$2(ClienteDAOTest.java:61)
	at org.junit.jupiter.api.AssertDoesNotThrow.assertDoesNotThrow(AssertDoesNotThrow.java:49)
	... 6 more
Caused by: Exception [EclipseLink-30004] (Eclipse Persistence Services - 2.7.12.v20230209-e5c4074ef3): org.eclipse.persistence.exceptions.PersistenceUnitLoadingException
Exception Description: An exception was thrown while processing persistence.xml from URL: file:/C:/Users/elgps/Documents/NetBeansProjects/DemaBites/DemaBitesDominio/target/DemaBitesDominio-1.0-SNAPSHOT.jar
Internal Exception: 
(1. The content of elements must consist of well-formed character data or markup.)
	at org.eclipse.persistence.exceptions.PersistenceUnitLoadingException.exceptionProcessingPersistenceXML(PersistenceUnitLoadingException.java:120)
	at org.eclipse.persistence.internal.jpa.deployment.PersistenceUnitProcessor.processPersistenceXML(PersistenceUnitProcessor.java:687)
	at org.eclipse.persistence.internal.jpa.deployment.PersistenceUnitProcessor.processPersistenceArchive(PersistenceUnitProcessor.java:639)
	... 17 more
Caused by: 
(1. The content of elements must consist of well-formed character data or markup.)
	at org.eclipse.persistence.internal.jpa.deployment.xml.parser.XMLExceptionHandler.error(XMLExceptionHandler.java:30)
	at org.eclipse.persistence.internal.jpa.deployment.xml.parser.XMLExceptionHandler.fatalError(XMLExceptionHandler.java:36)
	at java.xml/com.sun.org.apache.xerces.internal.util.ErrorHandlerWrapper.fatalError(ErrorHandlerWrapper.java:181)
	at java.xml/com.sun.org.apache.xerces.internal.impl.XMLErrorReporter.reportError(XMLErrorReporter.java:400)
	at java.xml/com.sun.org.apache.xerces.internal.impl.XMLErrorReporter.reportError(XMLErrorReporter.java:327)
	at java.xml/com.sun.org.apache.xerces.internal.impl.XMLScanner.reportFatalError(XMLScanner.java:1465)
	at java.xml/com.sun.org.apache.xerces.internal.impl.XMLDocumentFragmentScannerImpl$FragmentContentDriver.startOfMarkup(XMLDocumentFragmentScannerImpl.java:2598)
	at java.xml/com.sun.org.apache.xerces.internal.impl.XMLDocumentFragmentScannerImpl$FragmentContentDriver.next(XMLDocumentFragmentScannerImpl.java:2688)
	at java.xml/com.sun.org.apache.xerces.internal.impl.XMLDocumentScannerImpl.next(XMLDocumentScannerImpl.java:635)
	at java.xml/com.sun.org.apache.xerces.internal.impl.XMLNSDocumentScannerImpl.next(XMLNSDocumentScannerImpl.java:113)
	at java.xml/com.sun.org.apache.xerces.internal.impl.XMLDocumentFragmentScannerImpl.scanDocument(XMLDocumentFragmentScannerImpl.java:551)
	at java.xml/com.sun.org.apache.xerces.internal.parsers.XML11Configuration.parse(XML11Configuration.java:890)
	at java.xml/com.sun.org.apache.xerces.internal.parsers.XML11Configuration.parse(XML11Configuration.java:826)
	at java.xml/com.sun.org.apache.xerces.internal.parsers.XMLParser.parse(XMLParser.java:134)
	at java.xml/com.sun.org.apache.xerces.internal.parsers.AbstractSAXParser.parse(AbstractSAXParser.java:1225)
	at java.xml/com.sun.org.apache.xerces.internal.jaxp.SAXParserImpl$JAXPSAXParser.parse(SAXParserImpl.java:643)
	at org.eclipse.persistence.internal.jpa.deployment.PersistenceUnitProcessor.processPersistenceXML(PersistenceUnitProcessor.java:677)
	... 18 more
]]></failure>
  </testcase>
  <testcase name="testGenerarClienteFrecuenteSinCorreoFuncionaOk" classname="com.mycompany.demabitespersistencia.ClienteDAOTest" time="0.004">
    <failure message="Unexpected exception thrown: org.eclipse.persistence.exceptions.PersistenceUnitLoadingException: &#10;Exception Description: An exception was thrown while trying to load persistence unit at url: file:/C:/Users/elgps/Documents/NetBeansProjects/DemaBites/DemaBitesDominio/target/DemaBitesDominio-1.0-SNAPSHOT.jar&#10;Internal Exception: Exception [EclipseLink-30004] (Eclipse Persistence Services - 2.7.12.v20230209-e5c4074ef3): org.eclipse.persistence.exceptions.PersistenceUnitLoadingException&#10;Exception Description: An exception was thrown while processing persistence.xml from URL: file:/C:/Users/elgps/Documents/NetBeansProjects/DemaBites/DemaBitesDominio/target/DemaBitesDominio-1.0-SNAPSHOT.jar&#10;Internal Exception: &#10;(1. The content of elements must consist of well-formed character data or markup.)" type="org.opentest4j.AssertionFailedError"><![CDATA[org.opentest4j.AssertionFailedError: 
Unexpected exception thrown: org.eclipse.persistence.exceptions.PersistenceUnitLoadingException: 
Exception Description: An exception was thrown while trying to load persistence unit at url: file:/C:/Users/elgps/Documents/NetBeansProjects/DemaBites/DemaBitesDominio/target/DemaBitesDominio-1.0-SNAPSHOT.jar
Internal Exception: Exception [EclipseLink-30004] (Eclipse Persistence Services - 2.7.12.v20230209-e5c4074ef3): org.eclipse.persistence.exceptions.PersistenceUnitLoadingException
Exception Description: An exception was thrown while processing persistence.xml from URL: file:/C:/Users/elgps/Documents/NetBeansProjects/DemaBites/DemaBitesDominio/target/DemaBitesDominio-1.0-SNAPSHOT.jar
Internal Exception: 
(1. The content of elements must consist of well-formed character data or markup.)
	at org.junit.jupiter.api.AssertionFailureBuilder.build(AssertionFailureBuilder.java:152)
	at org.junit.jupiter.api.AssertDoesNotThrow.createAssertionFailedError(AssertDoesNotThrow.java:84)
	at org.junit.jupiter.api.AssertDoesNotThrow.assertDoesNotThrow(AssertDoesNotThrow.java:53)
	at org.junit.jupiter.api.AssertDoesNotThrow.assertDoesNotThrow(AssertDoesNotThrow.java:36)
	at org.junit.jupiter.api.Assertions.assertDoesNotThrow(Assertions.java:3168)
	at com.mycompany.demabitespersistencia.ClienteDAOTest.testGenerarClienteFrecuenteSinCorreoFuncionaOk(ClienteDAOTest.java:52)
	at java.base/java.lang.reflect.Method.invoke(Method.java:580)
	at java.base/java.util.ArrayList.forEach(ArrayList.java:1597)
	at java.base/java.util.ArrayList.forEach(ArrayList.java:1597)
Caused by: Exception [EclipseLink-30009] (Eclipse Persistence Services - 2.7.12.v20230209-e5c4074ef3): org.eclipse.persistence.exceptions.PersistenceUnitLoadingException
Exception Description: An exception was thrown while trying to load persistence unit at url: file:/C:/Users/elgps/Documents/NetBeansProjects/DemaBites/DemaBitesDominio/target/DemaBitesDominio-1.0-SNAPSHOT.jar
Internal Exception: Exception [EclipseLink-30004] (Eclipse Persistence Services - 2.7.12.v20230209-e5c4074ef3): org.eclipse.persistence.exceptions.PersistenceUnitLoadingException
Exception Description: An exception was thrown while processing persistence.xml from URL: file:/C:/Users/elgps/Documents/NetBeansProjects/DemaBites/DemaBitesDominio/target/DemaBitesDominio-1.0-SNAPSHOT.jar
Internal Exception: 
(1. The content of elements must consist of well-formed character data or markup.)
	at org.eclipse.persistence.exceptions.PersistenceUnitLoadingException.exceptionLoadingFromUrl(PersistenceUnitLoadingException.java:102)
	at org.eclipse.persistence.internal.jpa.deployment.PersistenceUnitProcessor.processPersistenceArchive(PersistenceUnitProcessor.java:641)
	at org.eclipse.persistence.internal.jpa.deployment.PersistenceUnitProcessor.getPersistenceUnits(PersistenceUnitProcessor.java:525)
	at org.eclipse.persistence.internal.jpa.deployment.JPAInitializer.findPersistenceUnitInfoInArchive(JPAInitializer.java:182)
	at org.eclipse.persistence.internal.jpa.deployment.JPAInitializer.findPersistenceUnitInfoInArchives(JPAInitializer.java:164)
	at org.eclipse.persistence.internal.jpa.deployment.JPAInitializer.findPersistenceUnitInfo(JPAInitializer.java:145)
	at org.eclipse.persistence.jpa.PersistenceProvider.createEntityManagerFactory(PersistenceProvider.java:191)
	at javax.persistence.Persistence.createEntityManagerFactory(Persistence.java:80)
	at javax.persistence.Persistence.createEntityManagerFactory(Persistence.java:55)
	at com.mycompany.demabitespersistencia.ManejadorConexiones.crearEntityManager(ManejadorConexiones.java:18)
	at com.mycompany.demabitespersistencia.ClienteDAO.generarClienteFrecuente(ClienteDAO.java:37)
	at com.mycompany.demabitespersistencia.ClienteDAOTest.lambda$testGenerarClienteFrecuenteSinCorreoFuncionaOk$1(ClienteDAOTest.java:53)
	at org.junit.jupiter.api.AssertDoesNotThrow.assertDoesNotThrow(AssertDoesNotThrow.java:49)
	... 6 more
Caused by: Exception [EclipseLink-30004] (Eclipse Persistence Services - 2.7.12.v20230209-e5c4074ef3): org.eclipse.persistence.exceptions.PersistenceUnitLoadingException
Exception Description: An exception was thrown while processing persistence.xml from URL: file:/C:/Users/elgps/Documents/NetBeansProjects/DemaBites/DemaBitesDominio/target/DemaBitesDominio-1.0-SNAPSHOT.jar
Internal Exception: 
(1. The content of elements must consist of well-formed character data or markup.)
	at org.eclipse.persistence.exceptions.PersistenceUnitLoadingException.exceptionProcessingPersistenceXML(PersistenceUnitLoadingException.java:120)
	at org.eclipse.persistence.internal.jpa.deployment.PersistenceUnitProcessor.processPersistenceXML(PersistenceUnitProcessor.java:687)
	at org.eclipse.persistence.internal.jpa.deployment.PersistenceUnitProcessor.processPersistenceArchive(PersistenceUnitProcessor.java:639)
	... 17 more
Caused by: 
(1. The content of elements must consist of well-formed character data or markup.)
	at org.eclipse.persistence.internal.jpa.deployment.xml.parser.XMLExceptionHandler.error(XMLExceptionHandler.java:30)
	at org.eclipse.persistence.internal.jpa.deployment.xml.parser.XMLExceptionHandler.fatalError(XMLExceptionHandler.java:36)
	at java.xml/com.sun.org.apache.xerces.internal.util.ErrorHandlerWrapper.fatalError(ErrorHandlerWrapper.java:181)
	at java.xml/com.sun.org.apache.xerces.internal.impl.XMLErrorReporter.reportError(XMLErrorReporter.java:400)
	at java.xml/com.sun.org.apache.xerces.internal.impl.XMLErrorReporter.reportError(XMLErrorReporter.java:327)
	at java.xml/com.sun.org.apache.xerces.internal.impl.XMLScanner.reportFatalError(XMLScanner.java:1465)
	at java.xml/com.sun.org.apache.xerces.internal.impl.XMLDocumentFragmentScannerImpl$FragmentContentDriver.startOfMarkup(XMLDocumentFragmentScannerImpl.java:2598)
	at java.xml/com.sun.org.apache.xerces.internal.impl.XMLDocumentFragmentScannerImpl$FragmentContentDriver.next(XMLDocumentFragmentScannerImpl.java:2688)
	at java.xml/com.sun.org.apache.xerces.internal.impl.XMLDocumentScannerImpl.next(XMLDocumentScannerImpl.java:635)
	at java.xml/com.sun.org.apache.xerces.internal.impl.XMLNSDocumentScannerImpl.next(XMLNSDocumentScannerImpl.java:113)
	at java.xml/com.sun.org.apache.xerces.internal.impl.XMLDocumentFragmentScannerImpl.scanDocument(XMLDocumentFragmentScannerImpl.java:551)
	at java.xml/com.sun.org.apache.xerces.internal.parsers.XML11Configuration.parse(XML11Configuration.java:890)
	at java.xml/com.sun.org.apache.xerces.internal.parsers.XML11Configuration.parse(XML11Configuration.java:826)
	at java.xml/com.sun.org.apache.xerces.internal.parsers.XMLParser.parse(XMLParser.java:134)
	at java.xml/com.sun.org.apache.xerces.internal.parsers.AbstractSAXParser.parse(AbstractSAXParser.java:1225)
	at java.xml/com.sun.org.apache.xerces.internal.jaxp.SAXParserImpl$JAXPSAXParser.parse(SAXParserImpl.java:643)
	at org.eclipse.persistence.internal.jpa.deployment.PersistenceUnitProcessor.processPersistenceXML(PersistenceUnitProcessor.java:677)
	... 18 more
]]></failure>
  </testcase>
</testsuite>