<?xml version="1.0" encoding="UTF-8"?>
<testsuite xmlns:xsi="http://www.w3.org/2001/XMLSchema-instance" xsi:noNamespaceSchemaLocation="https://maven.apache.org/surefire/maven-surefire-plugin/xsd/surefire-test-report-3.0.xsd" version="3.0" name="com.mycompany.demabitespersistencia.ComandaDAOTest" time="2.266" tests="5" errors="0" skipped="0" failures="0">
  <properties>
[...]
</properties>
  <testcase name="testConsultarIdNoExiste" classname="com.mycompany.demabitespersistencia.ComandaDAOTest" time="2.039">
    <system-out><![CDATA[[EL Info]: 2026-04-07 14:19:58.859--ServerSession(680988889)--EclipseLink, version: Eclipse Persistence Services - 2.7.12.v20230209-e5c4074ef3
]]></system-out>
  </testcase>
  <testcase name="testConsultarTodos" classname="com.mycompany.demabitespersistencia.ComandaDAOTest" time="0.052">
    <system-out><![CDATA[Comandas encontradas: 2
]]></system-out>
  </testcase>
  <testcase name="testAgregarComandaFuncionaOk" classname="com.mycompany.demabitespersistencia.ComandaDAOTest" time="0.094"/>
  <testcase name="testActualizarEstadoFuncionaOk" classname="com.mycompany.demabitespersistencia.ComandaDAOTest" time="0.012"/>
  <testcase name="testConsultarPorFolioFuncionaOk" classname="com.mycompany.demabitespersistencia.ComandaDAOTest" time="0.018"/>
</testsuite>